{"l":"info","version":"v2.0.5","company_id":"企业id","自定义key":"自定义value","t":1670199060,"currentLogFile":"E:/dan/codespace/dev/learn/golang/demo/infrastructure/logger/ZeroLog.go:52","msg":"这是一个错误"}
{"l":"info","version":"v2.0.5","company_id":"企业id","自定义key":"自定义value","errMsg":"测试一个新大错误","t":1670199060,"currentLogFile":"E:/dan/codespace/dev/learn/golang/demo/infrastructure/logger/ZeroLog.go:55","msg":"测试自定义key名称"}
{"l":"warn","version":"v2.0.5","company_id":"企业id","自定义key":"自定义value","t":1670199060,"currentLogFile":"E:/dan/codespace/dev/learn/golang/demo/infrastructure/logger/ZeroLog.go:57","msg":"这是一个warn错误"}
{"l":"error","version":"v2.0.5","company_id":"企业id","自定义key":"自定义value","t":1670199060,"currentLogFile":"E:/dan/codespace/dev/learn/golang/demo/infrastructure/logger/ZeroLog.go:58","msg":"这是一个error 错误"}
{"l":"info","version":"v2.0.5","company_id":"企业id","自定义key":"自定义value","t":1670250500,"currentLogFile":"E:/dan/codespace/dev/learn/golang/demo/infrastructure/logger/ZeroLog.go:52","msg":"这是一个错误"}
{"l":"info","version":"v2.0.5","company_id":"企业id","自定义key":"自定义value","errMsg":"测试一个新大错误","t":1670250500,"currentLogFile":"E:/dan/codespace/dev/learn/golang/demo/infrastructure/logger/ZeroLog.go:55","msg":"测试自定义key名称"}
{"l":"warn","version":"v2.0.5","company_id":"企业id","自定义key":"自定义value","t":1670250500,"currentLogFile":"E:/dan/codespace/dev/learn/golang/demo/infrastructure/logger/ZeroLog.go:57","msg":"这是一个warn错误"}
{"l":"error","version":"v2.0.5","company_id":"企业id","自定义key":"自定义value","t":1670250500,"currentLogFile":"E:/dan/codespace/dev/learn/golang/demo/infrastructure/logger/ZeroLog.go:58","msg":"这是一个error 错误"}
{"l":"info","version":"v2.0.5","company_id":"企业id","自定义key":"自定义value","t":1670250631,"currentLogFile":"E:/dan/codespace/dev/learn/golang/demo/infrastructure/logger/ZeroLog.go:52","msg":"这是一个错误"}
{"l":"info","version":"v2.0.5","company_id":"企业id","自定义key":"自定义value","errMsg":"测试一个新大错误","t":1670250631,"currentLogFile":"E:/dan/codespace/dev/learn/golang/demo/infrastructure/logger/ZeroLog.go:55","msg":"测试自定义key名称"}
{"l":"warn","version":"v2.0.5","company_id":"企业id","自定义key":"自定义value","t":1670250631,"currentLogFile":"E:/dan/codespace/dev/learn/golang/demo/infrastructure/logger/ZeroLog.go:57","msg":"这是一个warn错误"}
{"l":"error","version":"v2.0.5","company_id":"企业id","自定义key":"自定义value","t":1670250631,"currentLogFile":"E:/dan/codespace/dev/learn/golang/demo/infrastructure/logger/ZeroLog.go:58","msg":"这是一个error 错误"}
{"l":"info","version":"v2.0.5","company_id":"企业id","自定义key":"自定义value","t":1670250725,"currentLogFile":"E:/dan/codespace/dev/learn/golang/demo/infrastructure/logger/ZeroLog.go:52","msg":"这是一个错误"}
{"l":"info","version":"v2.0.5","company_id":"企业id","自定义key":"自定义value","errMsg":"测试一个新大错误","t":1670250725,"currentLogFile":"E:/dan/codespace/dev/learn/golang/demo/infrastructure/logger/ZeroLog.go:55","msg":"测试自定义key名称"}
{"l":"warn","version":"v2.0.5","company_id":"企业id","自定义key":"自定义value","t":1670250725,"currentLogFile":"E:/dan/codespace/dev/learn/golang/demo/infrastructure/logger/ZeroLog.go:57","msg":"这是一个warn错误"}
{"l":"error","version":"v2.0.5","company_id":"企业id","自定义key":"自定义value","t":1670250725,"currentLogFile":"E:/dan/codespace/dev/learn/golang/demo/infrastructure/logger/ZeroLog.go:58","msg":"这是一个error 错误"}
{"l":"info","version":"v2.0.5","company_id":"企业id","自定义key":"自定义value","t":1670250855,"currentLogFile":"E:/dan/codespace/dev/learn/golang/demo/infrastructure/logger/ZeroLog.go:52","msg":"这是一个错误"}
{"l":"info","version":"v2.0.5","company_id":"企业id","自定义key":"自定义value","errMsg":"测试一个新大错误","t":1670250855,"currentLogFile":"E:/dan/codespace/dev/learn/golang/demo/infrastructure/logger/ZeroLog.go:55","msg":"测试自定义key名称"}
{"l":"warn","version":"v2.0.5","company_id":"企业id","自定义key":"自定义value","t":1670250855,"currentLogFile":"E:/dan/codespace/dev/learn/golang/demo/infrastructure/logger/ZeroLog.go:57","msg":"这是一个warn错误"}
{"l":"error","version":"v2.0.5","company_id":"企业id","自定义key":"自定义value","t":1670250855,"currentLogFile":"E:/dan/codespace/dev/learn/golang/demo/infrastructure/logger/ZeroLog.go:58","msg":"这是一个error 错误"}
{"l":"info","version":"v2.0.5","company_id":"企业id","自定义key":"自定义value","t":1670251119,"currentLogFile":"E:/dan/codespace/dev/learn/golang/demo/infrastructure/logger/ZeroLog.go:52","msg":"这是一个错误"}
{"l":"info","version":"v2.0.5","company_id":"企业id","自定义key":"自定义value","errMsg":"测试一个新大错误","t":1670251119,"currentLogFile":"E:/dan/codespace/dev/learn/golang/demo/infrastructure/logger/ZeroLog.go:55","msg":"测试自定义key名称"}
{"l":"warn","version":"v2.0.5","company_id":"企业id","自定义key":"自定义value","t":1670251119,"currentLogFile":"E:/dan/codespace/dev/learn/golang/demo/infrastructure/logger/ZeroLog.go:57","msg":"这是一个warn错误"}
{"l":"error","version":"v2.0.5","company_id":"企业id","自定义key":"自定义value","t":1670251119,"currentLogFile":"E:/dan/codespace/dev/learn/golang/demo/infrastructure/logger/ZeroLog.go:58","msg":"这是一个error 错误"}
{"version":"v2.0.5","company_id":"企业id","自定义key":"自定义value","t":1670251119,"currentLogFile":"D:/software/go/src/io/multi.go:85","msg":"[GIN-debug] [WARNING] Creating an Engine instance with the Logger and Recovery middleware already attached.\n"}
{"version":"v2.0.5","company_id":"企业id","自定义key":"自定义value","t":1670251119,"currentLogFile":"D:/software/go/src/io/multi.go:85","msg":"[GIN-debug] [WARNING] Running in \"debug\" mode. Switch to \"release\" mode in production.\n - using env:\texport GIN_MODE=release\n - using code:\tgin.SetMode(gin.ReleaseMode)\n"}
{"version":"v2.0.5","company_id":"企业id","自定义key":"自定义value","t":1670251119,"currentLogFile":"D:/software/go/src/io/multi.go:85","msg":"[GIN-debug] POST   /account/getAccountInfo   --> demo/controller/account.GetAccountInfo (5 handlers)"}
{"version":"v2.0.5","company_id":"企业id","自定义key":"自定义value","t":1670251119,"currentLogFile":"D:/software/go/src/io/multi.go:85","msg":"[GIN-debug] GET    /test1                    --> demo/controller.Test (4 handlers)"}
{"version":"v2.0.5","company_id":"企业id","自定义key":"自定义value","t":1670251119,"currentLogFile":"D:/software/go/src/io/multi.go:85","msg":"[GIN-debug] GET    /test2                    --> demo/controller.Test (4 handlers)"}
{"l":"info","version":"v2.0.5","company_id":"企业id","自定义key":"自定义value","t":1670251426,"currentLogFile":"E:/dan/codespace/dev/learn/golang/demo/infrastructure/logger/ZeroLog.go:52","msg":"这是一个错误"}
{"l":"info","version":"v2.0.5","company_id":"企业id","自定义key":"自定义value","errMsg":"测试一个新大错误","t":1670251426,"currentLogFile":"E:/dan/codespace/dev/learn/golang/demo/infrastructure/logger/ZeroLog.go:55","msg":"测试自定义key名称"}
{"l":"warn","version":"v2.0.5","company_id":"企业id","自定义key":"自定义value","t":1670251426,"currentLogFile":"E:/dan/codespace/dev/learn/golang/demo/infrastructure/logger/ZeroLog.go:57","msg":"这是一个warn错误"}
{"l":"error","version":"v2.0.5","company_id":"企业id","自定义key":"自定义value","t":1670251426,"currentLogFile":"E:/dan/codespace/dev/learn/golang/demo/infrastructure/logger/ZeroLog.go:58","msg":"这是一个error 错误"}
{"l":"info","version":"v2.0.5","company_id":"企业id","自定义key":"自定义value","t":1670251564,"currentLogFile":"E:/dan/codespace/dev/learn/golang/demo/infrastructure/logger/ZeroLog.go:52","msg":"这是一个错误"}
{"l":"info","version":"v2.0.5","company_id":"企业id","自定义key":"自定义value","errMsg":"测试一个新大错误","t":1670251564,"currentLogFile":"E:/dan/codespace/dev/learn/golang/demo/infrastructure/logger/ZeroLog.go:55","msg":"测试自定义key名称"}
{"l":"warn","version":"v2.0.5","company_id":"企业id","自定义key":"自定义value","t":1670251564,"currentLogFile":"E:/dan/codespace/dev/learn/golang/demo/infrastructure/logger/ZeroLog.go:57","msg":"这是一个warn错误"}
{"l":"error","version":"v2.0.5","company_id":"企业id","自定义key":"自定义value","t":1670251564,"currentLogFile":"E:/dan/codespace/dev/learn/golang/demo/infrastructure/logger/ZeroLog.go:58","msg":"这是一个error 错误"}
